{"I:\\portfolio-v2\\portfolio-fe\\src\\lib\\formatDate.ts": {"path":"I:\\portfolio-v2\\portfolio-fe\\src\\lib\\formatDate.ts","statementMap":{"0":{"start":{"line":3,"column":15},"end":{"line":3,"column":null}},"1":{"start":{"line":4,"column":14},"end":{"line":4,"column":null}},"2":{"start":{"line":5,"column":17},"end":{"line":5,"column":null}},"3":{"start":{"line":6,"column":22},"end":{"line":6,"column":null}},"4":{"start":{"line":7,"column":22},"end":{"line":7,"column":null}},"5":{"start":{"line":8,"column":20},"end":{"line":8,"column":null}},"6":{"start":{"line":9,"column":19},"end":{"line":9,"column":null}},"7":{"start":{"line":11,"column":14},"end":{"line":11,"column":null}},"8":{"start":{"line":13,"column":2},"end":{"line":13,"column":null}},"9":{"start":{"line":13,"column":31},"end":{"line":13,"column":null}},"10":{"start":{"line":14,"column":2},"end":{"line":14,"column":null}},"11":{"start":{"line":14,"column":32},"end":{"line":14,"column":null}},"12":{"start":{"line":15,"column":2},"end":{"line":15,"column":null}},"13":{"start":{"line":15,"column":34},"end":{"line":15,"column":null}},"14":{"start":{"line":16,"column":2},"end":{"line":16,"column":null}}},"fnMap":{"0":{"name":"formatRelativeTime","decl":{"start":{"line":2,"column":16},"end":{"line":2,"column":35}},"loc":{"start":{"line":2,"column":75},"end":{"line":17,"column":null}},"line":2}},"branchMap":{"0":{"loc":{"start":{"line":2,"column":52},"end":{"line":2,"column":75}},"type":"default-arg","locations":[{"start":{"line":2,"column":61},"end":{"line":2,"column":75}}],"line":2},"1":{"loc":{"start":{"line":13,"column":2},"end":{"line":13,"column":null}},"type":"if","locations":[{"start":{"line":13,"column":2},"end":{"line":13,"column":null}},{"start":{},"end":{}}],"line":13},"2":{"loc":{"start":{"line":14,"column":2},"end":{"line":14,"column":null}},"type":"if","locations":[{"start":{"line":14,"column":2},"end":{"line":14,"column":null}},{"start":{},"end":{}}],"line":14},"3":{"loc":{"start":{"line":15,"column":2},"end":{"line":15,"column":null}},"type":"if","locations":[{"start":{"line":15,"column":2},"end":{"line":15,"column":null}},{"start":{},"end":{}}],"line":15}},"s":{"0":5,"1":5,"2":5,"3":5,"4":5,"5":5,"6":5,"7":5,"8":5,"9":2,"10":3,"11":3,"12":2,"13":2,"14":1},"f":{"0":5},"b":{"0":[5],"1":[2,3],"2":[1,2],"3":[1,1]},"meta":{"lastBranch":4,"lastFunction":1,"lastStatement":15,"seen":{"f:2:16:2:35":0,"b:2:61:2:75":0,"s:3:15:3:Infinity":0,"s:4:14:4:Infinity":1,"s:5:17:5:Infinity":2,"s:6:22:6:Infinity":3,"s:7:22:7:Infinity":4,"s:8:20:8:Infinity":5,"s:9:19:9:Infinity":6,"s:11:14:11:Infinity":7,"b:13:2:13:Infinity:undefined:undefined:undefined:undefined":1,"s:13:2:13:Infinity":8,"s:13:31:13:Infinity":9,"b:14:2:14:Infinity:undefined:undefined:undefined:undefined":2,"s:14:2:14:Infinity":10,"s:14:32:14:Infinity":11,"b:15:2:15:Infinity:undefined:undefined:undefined:undefined":3,"s:15:2:15:Infinity":12,"s:15:34:15:Infinity":13,"s:16:2:16:Infinity":14}}}
,"I:\\portfolio-v2\\portfolio-fe\\src\\lib\\referral.ts": {"path":"I:\\portfolio-v2\\portfolio-fe\\src\\lib\\referral.ts","statementMap":{"0":{"start":{"line":3,"column":17},"end":{"line":3,"column":null}},"1":{"start":{"line":4,"column":2},"end":{"line":4,"column":null}}},"fnMap":{"0":{"name":"parseReferralSource","decl":{"start":{"line":2,"column":16},"end":{"line":2,"column":36}},"loc":{"start":{"line":2,"column":67},"end":{"line":5,"column":null}},"line":2}},"branchMap":{},"s":{"0":5,"1":5},"f":{"0":5},"b":{},"meta":{"lastBranch":0,"lastFunction":1,"lastStatement":2,"seen":{"f:2:16:2:36":0,"s:3:17:3:Infinity":0,"s:4:2:4:Infinity":1}}}
,"I:\\portfolio-v2\\portfolio-fe\\src\\lib\\utils.ts": {"path":"I:\\portfolio-v2\\portfolio-fe\\src\\lib\\utils.ts","statementMap":{"0":{"start":{"line":5,"column":2},"end":{"line":5,"column":null}}},"fnMap":{"0":{"name":"cn","decl":{"start":{"line":4,"column":16},"end":{"line":4,"column":22}},"loc":{"start":{"line":4,"column":44},"end":{"line":6,"column":null}},"line":4}},"branchMap":{},"s":{"0":5},"f":{"0":5},"b":{},"meta":{"lastBranch":0,"lastFunction":1,"lastStatement":1,"seen":{"f:4:16:4:22":0,"s:5:2:5:Infinity":0}}}
,"I:\\portfolio-v2\\portfolio-fe\\src\\lib\\validators.ts": {"path":"I:\\portfolio-v2\\portfolio-fe\\src\\lib\\validators.ts","statementMap":{"0":{"start":{"line":3,"column":33},"end":{"line":7,"column":null}}},"fnMap":{},"branchMap":{},"s":{"0":1},"f":{},"b":{},"meta":{"lastBranch":0,"lastFunction":0,"lastStatement":1,"seen":{"s:3:33:7:Infinity":0}}}
,"I:\\portfolio-v2\\portfolio-fe\\src\\stores\\galleryStore.ts": {"path":"I:\\portfolio-v2\\portfolio-fe\\src\\stores\\galleryStore.ts","statementMap":{"0":{"start":{"line":9,"column":13},"end":{"line":12,"column":null}},"1":{"start":{"line":9,"column":64},"end":{"line":12,"column":2}},"2":{"start":{"line":11,"column":31},"end":{"line":11,"column":null}}},"fnMap":{"0":{"name":"(anonymous_0)","decl":{"start":{"line":9,"column":54},"end":{"line":9,"column":55}},"loc":{"start":{"line":9,"column":64},"end":{"line":12,"column":2}},"line":9},"1":{"name":"(anonymous_1)","decl":{"start":{"line":11,"column":19},"end":{"line":11,"column":20}},"loc":{"start":{"line":11,"column":31},"end":{"line":11,"column":null}},"line":11}},"branchMap":{},"s":{"0":1,"1":1,"2":3},"f":{"0":1,"1":3},"b":{},"meta":{"lastBranch":0,"lastFunction":2,"lastStatement":3,"seen":{"s:9:13:12:Infinity":0,"f:9:54:9:55":0,"s:9:64:12:2":1,"f:11:19:11:20":1,"s:11:31:11:Infinity":2}}}
,"I:\\portfolio-v2\\portfolio-fe\\src\\stores\\languageStore.ts": {"path":"I:\\portfolio-v2\\portfolio-fe\\src\\stores\\languageStore.ts","statementMap":{"0":{"start":{"line":11,"column":13},"end":{"line":19,"column":null}},"1":{"start":{"line":13,"column":14},"end":{"line":16,"column":null}},"2":{"start":{"line":15,"column":33},"end":{"line":15,"column":null}}},"fnMap":{"0":{"name":"(anonymous_0)","decl":{"start":{"line":13,"column":4},"end":{"line":13,"column":5}},"loc":{"start":{"line":13,"column":14},"end":{"line":16,"column":null}},"line":13},"1":{"name":"(anonymous_1)","decl":{"start":{"line":15,"column":19},"end":{"line":15,"column":20}},"loc":{"start":{"line":15,"column":33},"end":{"line":15,"column":null}},"line":15}},"branchMap":{},"s":{"0":1,"1":1,"2":3},"f":{"0":1,"1":3},"b":{},"meta":{"lastBranch":0,"lastFunction":2,"lastStatement":3,"seen":{"s:11:13:19:Infinity":0,"f:13:4:13:5":0,"s:13:14:16:Infinity":1,"f:15:19:15:20":1,"s:15:33:15:Infinity":2}}}
,"I:\\portfolio-v2\\portfolio-fe\\src\\stores\\metricsStore.ts": {"path":"I:\\portfolio-v2\\portfolio-fe\\src\\stores\\metricsStore.ts","statementMap":{"0":{"start":{"line":19,"column":13},"end":{"line":25,"column":null}},"1":{"start":{"line":19,"column":64},"end":{"line":25,"column":2}},"2":{"start":{"line":23,"column":4},"end":{"line":23,"column":null}},"3":{"start":{"line":23,"column":20},"end":{"line":23,"column":75}},"4":{"start":{"line":24,"column":43},"end":{"line":24,"column":null}}},"fnMap":{"0":{"name":"(anonymous_0)","decl":{"start":{"line":19,"column":54},"end":{"line":19,"column":55}},"loc":{"start":{"line":19,"column":64},"end":{"line":25,"column":2}},"line":19},"1":{"name":"(anonymous_1)","decl":{"start":{"line":22,"column":14},"end":{"line":22,"column":15}},"loc":{"start":{"line":23,"column":4},"end":{"line":23,"column":null}},"line":23},"2":{"name":"(anonymous_2)","decl":{"start":{"line":23,"column":8},"end":{"line":23,"column":9}},"loc":{"start":{"line":23,"column":20},"end":{"line":23,"column":75}},"line":23},"3":{"name":"(anonymous_3)","decl":{"start":{"line":24,"column":22},"end":{"line":24,"column":23}},"loc":{"start":{"line":24,"column":43},"end":{"line":24,"column":null}},"line":24}},"branchMap":{},"s":{"0":1,"1":1,"2":3,"3":3,"4":1},"f":{"0":1,"1":3,"2":3,"3":1},"b":{},"meta":{"lastBranch":0,"lastFunction":4,"lastStatement":5,"seen":{"s:19:13:25:Infinity":0,"f:19:54:19:55":0,"s:19:64:25:2":1,"f:22:14:22:15":1,"s:23:4:23:Infinity":2,"f:23:8:23:9":2,"s:23:20:23:75":3,"f:24:22:24:23":3,"s:24:43:24:Infinity":4}}}
,"I:\\portfolio-v2\\portfolio-fe\\src\\stores\\referralStore.ts": {"path":"I:\\portfolio-v2\\portfolio-fe\\src\\stores\\referralStore.ts","statementMap":{"0":{"start":{"line":9,"column":13},"end":{"line":17,"column":null}},"1":{"start":{"line":11,"column":14},"end":{"line":14,"column":null}},"2":{"start":{"line":13,"column":37},"end":{"line":13,"column":null}}},"fnMap":{"0":{"name":"(anonymous_0)","decl":{"start":{"line":11,"column":4},"end":{"line":11,"column":5}},"loc":{"start":{"line":11,"column":14},"end":{"line":14,"column":null}},"line":11},"1":{"name":"(anonymous_1)","decl":{"start":{"line":13,"column":25},"end":{"line":13,"column":26}},"loc":{"start":{"line":13,"column":37},"end":{"line":13,"column":null}},"line":13}},"branchMap":{},"s":{"0":1,"1":1,"2":3},"f":{"0":1,"1":3},"b":{},"meta":{"lastBranch":0,"lastFunction":2,"lastStatement":3,"seen":{"s:9:13:17:Infinity":0,"f:11:4:11:5":0,"s:11:14:14:Infinity":1,"f:13:25:13:26":1,"s:13:37:13:Infinity":2}}}
,"I:\\portfolio-v2\\portfolio-fe\\src\\stores\\themeStore.ts": {"path":"I:\\portfolio-v2\\portfolio-fe\\src\\stores\\themeStore.ts","statementMap":{"0":{"start":{"line":11,"column":13},"end":{"line":19,"column":null}},"1":{"start":{"line":13,"column":14},"end":{"line":16,"column":null}},"2":{"start":{"line":15,"column":27},"end":{"line":15,"column":null}}},"fnMap":{"0":{"name":"(anonymous_0)","decl":{"start":{"line":13,"column":4},"end":{"line":13,"column":5}},"loc":{"start":{"line":13,"column":14},"end":{"line":16,"column":null}},"line":13},"1":{"name":"(anonymous_1)","decl":{"start":{"line":15,"column":16},"end":{"line":15,"column":17}},"loc":{"start":{"line":15,"column":27},"end":{"line":15,"column":null}},"line":15}},"branchMap":{},"s":{"0":1,"1":1,"2":3},"f":{"0":1,"1":3},"b":{},"meta":{"lastBranch":0,"lastFunction":2,"lastStatement":3,"seen":{"s:11:13:19:Infinity":0,"f:13:4:13:5":0,"s:13:14:16:Infinity":1,"f:15:16:15:17":1,"s:15:27:15:Infinity":2}}}
,"I:\\portfolio-v2\\portfolio-fe\\src\\stores\\visitorStore.ts": {"path":"I:\\portfolio-v2\\portfolio-fe\\src\\stores\\visitorStore.ts","statementMap":{"0":{"start":{"line":11,"column":13},"end":{"line":21,"column":null}},"1":{"start":{"line":13,"column":14},"end":{"line":18,"column":null}},"2":{"start":{"line":16,"column":34},"end":{"line":16,"column":null}},"3":{"start":{"line":16,"column":50},"end":{"line":16,"column":89}},"4":{"start":{"line":17,"column":42},"end":{"line":17,"column":null}}},"fnMap":{"0":{"name":"(anonymous_0)","decl":{"start":{"line":13,"column":4},"end":{"line":13,"column":5}},"loc":{"start":{"line":13,"column":14},"end":{"line":18,"column":null}},"line":13},"1":{"name":"(anonymous_1)","decl":{"start":{"line":16,"column":28},"end":{"line":16,"column":34}},"loc":{"start":{"line":16,"column":34},"end":{"line":16,"column":null}},"line":16},"2":{"name":"(anonymous_2)","decl":{"start":{"line":16,"column":38},"end":{"line":16,"column":39}},"loc":{"start":{"line":16,"column":50},"end":{"line":16,"column":89}},"line":16},"3":{"name":"(anonymous_3)","decl":{"start":{"line":17,"column":32},"end":{"line":17,"column":33}},"loc":{"start":{"line":17,"column":42},"end":{"line":17,"column":null}},"line":17}},"branchMap":{},"s":{"0":1,"1":1,"2":3,"3":3,"4":1},"f":{"0":1,"1":3,"2":3,"3":1},"b":{},"meta":{"lastBranch":0,"lastFunction":4,"lastStatement":5,"seen":{"s:11:13:21:Infinity":0,"f:13:4:13:5":0,"s:13:14:18:Infinity":1,"f:16:28:16:34":1,"s:16:34:16:Infinity":2,"f:16:38:16:39":2,"s:16:50:16:89":3,"f:17:32:17:33":3,"s:17:42:17:Infinity":4}}}
}
